2025-09-08T07:54:23.948889+00:00 INFO 'ansible_navigator.setup_logger' New ansible-navigator instance, logging initialized
2025-09-08T07:54:23.950050+00:00 INFO 'ansible_navigator.setup_logger' New ansible-runner instance, logging initialized
2025-09-08T07:54:23.950130+00:00 DEBUG 'ansible_navigator.main' Jinja2==3.1.6 
2025-09-08T07:54:23.950153+00:00 DEBUG 'ansible_navigator.main' MarkupSafe==3.0.2 
2025-09-08T07:54:23.950164+00:00 DEBUG 'ansible_navigator.main' Parsley==1.3 
2025-09-08T07:54:23.950174+00:00 DEBUG 'ansible_navigator.main' PySocks==1.7.1 
2025-09-08T07:54:23.950183+00:00 DEBUG 'ansible_navigator.main' PyYAML==5.4.1 
2025-09-08T07:54:23.950192+00:00 DEBUG 'ansible_navigator.main' Pygments==2.19.2 
2025-09-08T07:54:23.950200+00:00 DEBUG 'ansible_navigator.main' ansible-builder==3.1.0 
2025-09-08T07:54:23.950208+00:00 DEBUG 'ansible_navigator.main' ansible-compat==24.10.0 
2025-09-08T07:54:23.950217+00:00 DEBUG 'ansible_navigator.main' ansible-core==2.14.18 
2025-09-08T07:54:23.950225+00:00 DEBUG 'ansible_navigator.main' ansible-lint==6.22.2 
2025-09-08T07:54:23.950234+00:00 DEBUG 'ansible_navigator.main' ansible-navigator==24.2.0 
2025-09-08T07:54:23.950242+00:00 DEBUG 'ansible_navigator.main' ansible-runner==2.4.1 
2025-09-08T07:54:23.950251+00:00 DEBUG 'ansible_navigator.main' ansible==7.7.0 /usr/lib/python3.9/site-packages/ansible/__init__.py
2025-09-08T07:54:23.950259+00:00 DEBUG 'ansible_navigator.main' attrs==25.3.0 /home/ansible/.local/lib/python3.9/site-packages/attrs/__init__.py
2025-09-08T07:54:23.950271+00:00 DEBUG 'ansible_navigator.main' bindep==2.13.0 /home/ansible/.local/lib/python3.9/site-packages/bindep/__init__.py
2025-09-08T07:54:23.950279+00:00 DEBUG 'ansible_navigator.main' black==25.1.0 /home/ansible/.local/lib/python3.9/site-packages/black/__init__.cpython-39-x86_64-linux-gnu.so
2025-09-08T07:54:23.950288+00:00 DEBUG 'ansible_navigator.main' bracex==2.6 /home/ansible/.local/lib/python3.9/site-packages/bracex/__init__.py
2025-09-08T07:54:23.950296+00:00 DEBUG 'ansible_navigator.main' cffi==1.14.5 /usr/lib64/python3.9/site-packages/cffi/__init__.py
2025-09-08T07:54:23.950305+00:00 DEBUG 'ansible_navigator.main' chardet==4.0.0 /usr/lib/python3.9/site-packages/chardet/__init__.py
2025-09-08T07:54:23.950313+00:00 DEBUG 'ansible_navigator.main' click==8.1.8 /home/ansible/.local/lib/python3.9/site-packages/click/__init__.py
2025-09-08T07:54:23.950322+00:00 DEBUG 'ansible_navigator.main' cockpit==344 /usr/lib/python3.9/site-packages/cockpit/__init__.py
2025-09-08T07:54:23.950330+00:00 DEBUG 'ansible_navigator.main' cryptography==36.0.1 /usr/lib64/python3.9/site-packages/cryptography/__init__.py
2025-09-08T07:54:23.950339+00:00 DEBUG 'ansible_navigator.main' dasbus==1.4 /usr/lib/python3.9/site-packages/dasbus/__init__.py
2025-09-08T07:54:23.950347+00:00 DEBUG 'ansible_navigator.main' dbus-python==1.2.18 
2025-09-08T07:54:23.950355+00:00 DEBUG 'ansible_navigator.main' distro==1.9.0 /home/ansible/.local/lib/python3.9/site-packages/distro/__init__.py
2025-09-08T07:54:23.950363+00:00 DEBUG 'ansible_navigator.main' file-magic==0.4.0 
2025-09-08T07:54:23.950371+00:00 DEBUG 'ansible_navigator.main' filelock==3.19.1 /home/ansible/.local/lib/python3.9/site-packages/filelock/__init__.py
2025-09-08T07:54:23.950380+00:00 DEBUG 'ansible_navigator.main' idna==2.10 /usr/lib/python3.9/site-packages/idna/__init__.py
2025-09-08T07:54:23.950388+00:00 DEBUG 'ansible_navigator.main' importlib-metadata==6.2.1 
2025-09-08T07:54:23.950396+00:00 DEBUG 'ansible_navigator.main' jsonschema-specifications==2025.4.1 
2025-09-08T07:54:23.950405+00:00 DEBUG 'ansible_navigator.main' jsonschema==4.25.1 /home/ansible/.local/lib/python3.9/site-packages/jsonschema/__init__.py
2025-09-08T07:54:23.950413+00:00 DEBUG 'ansible_navigator.main' lockfile==0.12.2 /home/ansible/.local/lib/python3.9/site-packages/lockfile/__init__.py
2025-09-08T07:54:23.950422+00:00 DEBUG 'ansible_navigator.main' lxml==4.6.5 /usr/lib64/python3.9/site-packages/lxml/__init__.py
2025-09-08T07:54:23.950430+00:00 DEBUG 'ansible_navigator.main' markdown-it-py==3.0.0 
2025-09-08T07:54:23.950443+00:00 DEBUG 'ansible_navigator.main' mdurl==0.1.2 /home/ansible/.local/lib/python3.9/site-packages/mdurl/__init__.py
2025-09-08T07:54:23.950451+00:00 DEBUG 'ansible_navigator.main' mypy_extensions==1.1.0 /home/ansible/.local/lib/python3.9/site-packages/mypy_extensions.py
2025-09-08T07:54:23.950459+00:00 DEBUG 'ansible_navigator.main' nftables==0.1 /usr/lib/python3.9/site-packages/nftables/__init__.py
2025-09-08T07:54:23.950468+00:00 DEBUG 'ansible_navigator.main' onigurumacffi==1.4.1 /home/ansible/.local/lib/python3.9/site-packages/onigurumacffi.py
2025-09-08T07:54:23.950476+00:00 DEBUG 'ansible_navigator.main' packaging==25.0 /home/ansible/.local/lib/python3.9/site-packages/packaging/__init__.py
2025-09-08T07:54:23.950485+00:00 DEBUG 'ansible_navigator.main' passlib==1.7.4 /usr/local/lib/python3.9/site-packages/passlib/__init__.py
2025-09-08T07:54:23.950493+00:00 DEBUG 'ansible_navigator.main' pathspec==0.12.1 /home/ansible/.local/lib/python3.9/site-packages/pathspec/__init__.py
2025-09-08T07:54:23.950501+00:00 DEBUG 'ansible_navigator.main' pbr==7.0.1 /home/ansible/.local/lib/python3.9/site-packages/pbr/__init__.py
2025-09-08T07:54:23.950511+00:00 DEBUG 'ansible_navigator.main' perf==0.1 /usr/lib64/python3.9/site-packages/perf.cpython-39-x86_64-linux-gnu.so
2025-09-08T07:54:23.950519+00:00 DEBUG 'ansible_navigator.main' pip==21.3.1 /usr/lib/python3.9/site-packages/pip/__init__.py
2025-09-08T07:54:23.950527+00:00 DEBUG 'ansible_navigator.main' platformdirs==4.4.0 /home/ansible/.local/lib/python3.9/site-packages/platformdirs/__init__.py
2025-09-08T07:54:23.950536+00:00 DEBUG 'ansible_navigator.main' ply==3.11 /usr/lib/python3.9/site-packages/ply/__init__.py
2025-09-08T07:54:23.950544+00:00 DEBUG 'ansible_navigator.main' psutil==5.8.0 /usr/lib64/python3.9/site-packages/psutil/__init__.py
2025-09-08T07:54:23.950552+00:00 DEBUG 'ansible_navigator.main' pycairo==1.20.1 
2025-09-08T07:54:23.950560+00:00 DEBUG 'ansible_navigator.main' pycparser==2.20 /usr/lib/python3.9/site-packages/pycparser/__init__.py
2025-09-08T07:54:23.950568+00:00 DEBUG 'ansible_navigator.main' pyinotify==0.9.6 /usr/lib/python3.9/site-packages/pyinotify.py
2025-09-08T07:54:23.950576+00:00 DEBUG 'ansible_navigator.main' pyparsing==2.4.7 /usr/lib/python3.9/site-packages/pyparsing.py
2025-09-08T07:54:23.950595+00:00 DEBUG 'ansible_navigator.main' python-daemon==3.1.2 
2025-09-08T07:54:23.950610+00:00 DEBUG 'ansible_navigator.main' python-dateutil==2.8.1 
2025-09-08T07:54:23.950619+00:00 DEBUG 'ansible_navigator.main' python-linux-procfs==0.7.3 
2025-09-08T07:54:23.950627+00:00 DEBUG 'ansible_navigator.main' pyudev==0.22.0 /usr/lib/python3.9/site-packages/pyudev/__init__.py
2025-09-08T07:54:23.950635+00:00 DEBUG 'ansible_navigator.main' referencing==0.36.2 /home/ansible/.local/lib/python3.9/site-packages/referencing/__init__.py
2025-09-08T07:54:23.950644+00:00 DEBUG 'ansible_navigator.main' requests==2.25.1 /usr/lib/python3.9/site-packages/requests/__init__.py
2025-09-08T07:54:23.950651+00:00 DEBUG 'ansible_navigator.main' resolvelib==0.5.4 /usr/lib/python3.9/site-packages/resolvelib/__init__.py
2025-09-08T07:54:23.950660+00:00 DEBUG 'ansible_navigator.main' rich==14.1.0 /home/ansible/.local/lib/python3.9/site-packages/rich/__init__.py
2025-09-08T07:54:23.950668+00:00 DEBUG 'ansible_navigator.main' rpds-py==0.27.1 
2025-09-08T07:54:23.950676+00:00 DEBUG 'ansible_navigator.main' ruamel.yaml.clib==0.2.12 
2025-09-08T07:54:23.950685+00:00 DEBUG 'ansible_navigator.main' ruamel.yaml==0.18.15 /home/ansible/.local/lib/python3.9/site-packages/ruamel/yaml/__init__.py
2025-09-08T07:54:23.950693+00:00 DEBUG 'ansible_navigator.main' selinux==3.6 /usr/lib64/python3.9/site-packages/selinux/__init__.py
2025-09-08T07:54:23.950701+00:00 DEBUG 'ansible_navigator.main' sepolicy==3.6 /usr/lib/python3.9/site-packages/sepolicy/__init__.py
2025-09-08T07:54:23.950710+00:00 DEBUG 'ansible_navigator.main' setools==4.4.4 /usr/lib64/python3.9/site-packages/setools/__init__.py
2025-09-08T07:54:23.950718+00:00 DEBUG 'ansible_navigator.main' setroubleshoot==3.3.33 /usr/lib/python3.9/site-packages/setroubleshoot/__init__.py
2025-09-08T07:54:23.950727+00:00 DEBUG 'ansible_navigator.main' setuptools==53.0.0 /usr/lib/python3.9/site-packages/setuptools/__init__.py
2025-09-08T07:54:23.950736+00:00 DEBUG 'ansible_navigator.main' six==1.15.0 /usr/lib/python3.9/site-packages/six.py
2025-09-08T07:54:23.950744+00:00 DEBUG 'ansible_navigator.main' sos==4.9.2 /usr/lib/python3.9/site-packages/sos/__init__.py
2025-09-08T07:54:23.950752+00:00 DEBUG 'ansible_navigator.main' subprocess-tee==0.4.2 
2025-09-08T07:54:23.950760+00:00 DEBUG 'ansible_navigator.main' tomli==2.2.1 /home/ansible/.local/lib/python3.9/site-packages/tomli/__init__.py
2025-09-08T07:54:23.950769+00:00 DEBUG 'ansible_navigator.main' typing_extensions==4.15.0 /home/ansible/.local/lib/python3.9/site-packages/typing_extensions.py
2025-09-08T07:54:23.950777+00:00 DEBUG 'ansible_navigator.main' tzdata==2025.2 /home/ansible/.local/lib/python3.9/site-packages/tzdata/__init__.py
2025-09-08T07:54:23.950785+00:00 DEBUG 'ansible_navigator.main' urllib3==1.26.5 /usr/lib/python3.9/site-packages/urllib3/__init__.py
2025-09-08T07:54:23.950794+00:00 DEBUG 'ansible_navigator.main' wcmatch==10.1 /home/ansible/.local/lib/python3.9/site-packages/wcmatch/__init__.py
2025-09-08T07:54:23.950802+00:00 DEBUG 'ansible_navigator.main' yamllint==1.37.1 /home/ansible/.local/lib/python3.9/site-packages/yamllint/__init__.py
2025-09-08T07:54:23.950810+00:00 DEBUG 'ansible_navigator.main' zipp==3.23.0 /home/ansible/.local/lib/python3.9/site-packages/zipp/__init__.py
2025-09-08T07:54:23.950819+00:00 DEBUG 'ansible_navigator.main' Default collection_doc_cache_path set to: /home/ansible/.cache/ansible-navigator/collection_doc_cache.db
2025-09-08T07:54:23.950827+00:00 DEBUG 'ansible_navigator.main' EDITOR environment variable not set
2025-09-08T07:54:23.950835+00:00 DEBUG 'ansible_navigator.main' Default editor_command set to: vi +{line_number} {filename}
2025-09-08T07:54:23.950843+00:00 DEBUG 'ansible_navigator.main' No config file set by ANSIBLE_NAVIGATOR_CONFIG
2025-09-08T07:54:23.950851+00:00 DEBUG 'ansible_navigator.main' Looking in /home/ansible
2025-09-08T07:54:23.950860+00:00 DEBUG 'ansible_navigator.main' Looking for '/home/ansible/.ansible-navigator.yml', '/home/ansible/.ansible-navigator.yaml' and '/home/ansible/.ansible-navigator.json'
2025-09-08T07:54:23.950868+00:00 DEBUG 'ansible_navigator.main' Found 1: '/home/ansible/.ansible-navigator.yml'
2025-09-08T07:54:23.950877+00:00 DEBUG 'ansible_navigator.main' Looking in /home/ansible/project
2025-09-08T07:54:23.950885+00:00 DEBUG 'ansible_navigator.main' Looking for '/home/ansible/project/ansible-navigator.yml', '/home/ansible/project/ansible-navigator.yaml' and '/home/ansible/project/ansible-navigator.json'
2025-09-08T07:54:23.950893+00:00 DEBUG 'ansible_navigator.main' Found 0: 
2025-09-08T07:54:23.950902+00:00 DEBUG 'ansible_navigator.main' All found 1: '/home/ansible/.ansible-navigator.yml'
2025-09-08T07:54:23.950910+00:00 DEBUG 'ansible_navigator.main' Using: /home/ansible/.ansible-navigator.yml
2025-09-08T07:54:23.950918+00:00 DEBUG 'ansible_navigator.main' Using settings file at /home/ansible/.ansible-navigator.yml in search path
2025-09-08T07:54:23.950926+00:00 DEBUG 'ansible_navigator.main' Command provided: 'all'
2025-09-08T07:54:23.950935+00:00 DEBUG 'ansible_navigator.main' ansible-navigator.ansible-runner.artifact-dir not found in settings file
2025-09-08T07:54:23.950943+00:00 DEBUG 'ansible_navigator.main' ansible-navigator.ansible-runner.rotate-artifacts-count not found in settings file
2025-09-08T07:54:23.950951+00:00 DEBUG 'ansible_navigator.main' ansible-navigator.ansible-runner.timeout not found in settings file
2025-09-08T07:54:23.950960+00:00 DEBUG 'ansible_navigator.main' ansible-navigator.ansible-runner.job-events not found in settings file
2025-09-08T07:54:23.950968+00:00 DEBUG 'ansible_navigator.main' ansible-navigator.app not found in settings file
2025-09-08T07:54:23.950977+00:00 DEBUG 'ansible_navigator.main' ansible-navigator.ansible.cmdline not found in settings file
2025-09-08T07:54:23.950986+00:00 DEBUG 'ansible_navigator.main' ansible-navigator.collection-doc-cache-path not found in settings file
2025-09-08T07:54:23.950994+00:00 DEBUG 'ansible_navigator.main' ansible-navigator.ansible.config.path not found in settings file
2025-09-08T07:54:23.951002+00:00 DEBUG 'ansible_navigator.main' ansible-navigator.execution-environment.container-engine not found in settings file
2025-09-08T07:54:23.951011+00:00 DEBUG 'ansible_navigator.main' ansible-navigator.execution-environment.container-options not found in settings file
2025-09-08T07:54:23.951020+00:00 DEBUG 'ansible_navigator.main' ansible-navigator.color.enable not found in settings file
2025-09-08T07:54:23.951028+00:00 DEBUG 'ansible_navigator.main' ansible-navigator.editor.command not found in settings file
2025-09-08T07:54:23.951036+00:00 DEBUG 'ansible_navigator.main' ansible-navigator.editor.console not found in settings file
2025-09-08T07:54:23.951045+00:00 DEBUG 'ansible_navigator.main' ansible-navigator.enable-prompts not found in settings file
2025-09-08T07:54:23.951052+00:00 DEBUG 'ansible_navigator.main' ansible-navigator.exec.command not found in settings file
2025-09-08T07:54:23.951061+00:00 DEBUG 'ansible_navigator.main' ansible-navigator.exec.shell not found in settings file
2025-09-08T07:54:23.951069+00:00 DEBUG 'ansible_navigator.main' ansible-navigator.execution-environment.enabled not found in settings file
2025-09-08T07:54:23.951077+00:00 DEBUG 'ansible_navigator.main' ansible-navigator.execution-environment.image not found in settings file
2025-09-08T07:54:23.951107+00:00 DEBUG 'ansible_navigator.main' ansible-navigator.execution-environment.volume-mounts not found in settings file
2025-09-08T07:54:23.951118+00:00 DEBUG 'ansible_navigator.main' ansible-navigator.format not found in settings file
2025-09-08T07:54:23.951126+00:00 DEBUG 'ansible_navigator.main' ansible-navigator.ansible-builder.help not found in settings file
2025-09-08T07:54:23.951134+00:00 DEBUG 'ansible_navigator.main' ansible-navigator.ansible.config.help not found in settings file
2025-09-08T07:54:23.951142+00:00 DEBUG 'ansible_navigator.main' ansible-navigator.ansible.doc.help not found in settings file
2025-09-08T07:54:23.951151+00:00 DEBUG 'ansible_navigator.main' ansible-navigator.ansible.inventory.help not found in settings file
2025-09-08T07:54:23.951159+00:00 DEBUG 'ansible_navigator.main' ansible-navigator.ansible.playbook.help not found in settings file
2025-09-08T07:54:23.951167+00:00 DEBUG 'ansible_navigator.main' ansible-navigator.images.details not found in settings file
2025-09-08T07:54:23.951175+00:00 DEBUG 'ansible_navigator.main' ansible-navigator.ansible.inventory.entries not found in settings file
2025-09-08T07:54:23.951184+00:00 DEBUG 'ansible_navigator.main' ansible-navigator.inventory-columns not found in settings file
2025-09-08T07:54:23.951192+00:00 DEBUG 'ansible_navigator.main' ansible-navigator.ansible-lint.config not found in settings file
2025-09-08T07:54:23.951200+00:00 DEBUG 'ansible_navigator.main' ansible-navigator.ansible-lint.lintables not found in settings file
2025-09-08T07:54:23.951209+00:00 DEBUG 'ansible_navigator.main' ansible-navigator.logging.append not found in settings file
2025-09-08T07:54:23.951217+00:00 DEBUG 'ansible_navigator.main' ansible-navigator.logging.file not found in settings file
2025-09-08T07:54:23.951226+00:00 DEBUG 'ansible_navigator.main' ansible-navigator.logging.level not found in settings file
2025-09-08T07:54:23.951234+00:00 DEBUG 'ansible_navigator.main' ansible-navigator.mode not found in settings file
2025-09-08T07:54:23.951242+00:00 DEBUG 'ansible_navigator.main' ansible-navigator.color.osc4 not found in settings file
2025-09-08T07:54:23.951250+00:00 DEBUG 'ansible_navigator.main' ansible-navigator.execution-environment.environment-variables.pass not found in settings file
2025-09-08T07:54:23.951258+00:00 DEBUG 'ansible_navigator.main' ansible-navigator.ansible.playbook.path not found in settings file
2025-09-08T07:54:23.951267+00:00 DEBUG 'ansible_navigator.main' ansible-navigator.playbook-artifact.replay not found in settings file
2025-09-08T07:54:23.951277+00:00 DEBUG 'ansible_navigator.main' ansible-navigator.playbook-artifact.save-as not found in settings file
2025-09-08T07:54:23.951285+00:00 DEBUG 'ansible_navigator.main' ansible-navigator.ansible.doc.plugin.name not found in settings file
2025-09-08T07:54:23.951294+00:00 DEBUG 'ansible_navigator.main' ansible-navigator.ansible.doc.plugin.type not found in settings file
2025-09-08T07:54:23.951302+00:00 DEBUG 'ansible_navigator.main' ansible-navigator.execution-environment.pull.arguments not found in settings file
2025-09-08T07:54:23.951310+00:00 DEBUG 'ansible_navigator.main' ansible-navigator.execution-environment.pull.policy not found in settings file
2025-09-08T07:54:23.951318+00:00 DEBUG 'ansible_navigator.main' ansible-navigator.execution-environment.environment-variables.set not found in settings file
2025-09-08T07:54:23.951326+00:00 DEBUG 'ansible_navigator.main' ansible-navigator.settings.effective not found in settings file
2025-09-08T07:54:23.951335+00:00 DEBUG 'ansible_navigator.main' ansible-navigator.settings.sample not found in settings file
2025-09-08T07:54:23.951343+00:00 DEBUG 'ansible_navigator.main' ansible-navigator.settings.schema not found in settings file
2025-09-08T07:54:23.951351+00:00 DEBUG 'ansible_navigator.main' ansible-navigator.settings.sources not found in settings file
2025-09-08T07:54:23.951360+00:00 DEBUG 'ansible_navigator.main' ansible-navigator.time-zone not found in settings file
2025-09-08T07:54:23.951368+00:00 DEBUG 'ansible_navigator.main' ansible-navigator.ansible-builder.workdir not found in settings file
2025-09-08T07:54:23.951379+00:00 WARNING 'ansible_navigator.main' Configuration errors encountered, rolling back to previous configuration.
2025-09-08T07:54:23.951388+00:00 DEBUG 'ansible_navigator.main' Prior to rollback: ansible_runner_artifact_dir = 'Not set' (Constants/Not set)
2025-09-08T07:54:23.951397+00:00 DEBUG 'ansible_navigator.main' Prior to rollback: ansible_runner_rotate_artifacts_count = 'Not set' (Constants/Not set)
2025-09-08T07:54:23.951405+00:00 DEBUG 'ansible_navigator.main' Prior to rollback: ansible_runner_timeout = 'Not set' (Constants/Not set)
2025-09-08T07:54:23.951413+00:00 DEBUG 'ansible_navigator.main' Prior to rollback: ansible_runner_write_job_events = 'False' (bool/Defaults)
2025-09-08T07:54:23.951421+00:00 DEBUG 'ansible_navigator.main' Prior to rollback: app = 'welcome' (str/Defaults)
2025-09-08T07:54:23.951429+00:00 DEBUG 'ansible_navigator.main' Prior to rollback: cmdline = '['all']' (list/Command line)
2025-09-08T07:54:23.951437+00:00 DEBUG 'ansible_navigator.main' Prior to rollback: collection_doc_cache_path = '/home/ansible/.cache/ansible-navigator/collection_doc_cache.db' (str/Defaults)
2025-09-08T07:54:23.951446+00:00 DEBUG 'ansible_navigator.main' Prior to rollback: config = 'Not set' (Constants/Not set)
2025-09-08T07:54:23.951454+00:00 DEBUG 'ansible_navigator.main' Prior to rollback: container_engine = 'auto' (str/Defaults)
2025-09-08T07:54:23.951462+00:00 DEBUG 'ansible_navigator.main' Prior to rollback: container_options = 'Not set' (Constants/Not set)
2025-09-08T07:54:23.951470+00:00 DEBUG 'ansible_navigator.main' Prior to rollback: display_color = 'True' (bool/Defaults)
2025-09-08T07:54:23.951478+00:00 DEBUG 'ansible_navigator.main' Prior to rollback: editor_command = 'vi +{line_number} {filename}' (str/Defaults)
2025-09-08T07:54:23.951487+00:00 DEBUG 'ansible_navigator.main' Prior to rollback: editor_console = 'True' (bool/Defaults)
2025-09-08T07:54:23.951495+00:00 DEBUG 'ansible_navigator.main' Prior to rollback: enable_prompts = 'False' (bool/Defaults)
2025-09-08T07:54:23.951503+00:00 DEBUG 'ansible_navigator.main' Prior to rollback: exec_command = '/bin/bash' (str/Defaults)
2025-09-08T07:54:23.951512+00:00 DEBUG 'ansible_navigator.main' Prior to rollback: exec_shell = 'True' (bool/Defaults)
2025-09-08T07:54:23.951520+00:00 DEBUG 'ansible_navigator.main' Prior to rollback: execution_environment = 'True' (bool/Defaults)
2025-09-08T07:54:23.951528+00:00 DEBUG 'ansible_navigator.main' Prior to rollback: execution_environment_image = 'ghcr.io/ansible/creator-ee:v0.22.0' (str/Defaults)
2025-09-08T07:54:23.951537+00:00 DEBUG 'ansible_navigator.main' Prior to rollback: execution_environment_volume_mounts = 'Not set' (Constants/Not set)
2025-09-08T07:54:23.951546+00:00 DEBUG 'ansible_navigator.main' Prior to rollback: format = 'yaml' (str/Defaults)
2025-09-08T07:54:23.951555+00:00 DEBUG 'ansible_navigator.main' Prior to rollback: help_builder = 'False' (bool/Defaults)
2025-09-08T07:54:23.951563+00:00 DEBUG 'ansible_navigator.main' Prior to rollback: help_config = 'False' (bool/Defaults)
2025-09-08T07:54:23.951571+00:00 DEBUG 'ansible_navigator.main' Prior to rollback: help_doc = 'False' (bool/Defaults)
2025-09-08T07:54:23.951591+00:00 DEBUG 'ansible_navigator.main' Prior to rollback: help_inventory = 'False' (bool/Defaults)
2025-09-08T07:54:23.951603+00:00 DEBUG 'ansible_navigator.main' Prior to rollback: help_playbook = 'False' (bool/Defaults)
2025-09-08T07:54:23.951612+00:00 DEBUG 'ansible_navigator.main' Prior to rollback: images_details = '['everything']' (list/Defaults)
2025-09-08T07:54:23.951620+00:00 DEBUG 'ansible_navigator.main' Prior to rollback: inventory = 'Not set' (Constants/Not set)
2025-09-08T07:54:23.951629+00:00 DEBUG 'ansible_navigator.main' Prior to rollback: inventory_column = 'Not set' (Constants/Not set)
2025-09-08T07:54:23.951637+00:00 DEBUG 'ansible_navigator.main' Prior to rollback: lint_config = 'Not set' (Constants/Not set)
2025-09-08T07:54:23.951645+00:00 DEBUG 'ansible_navigator.main' Prior to rollback: lintables = 'Not set' (Constants/Not set)
2025-09-08T07:54:23.951654+00:00 DEBUG 'ansible_navigator.main' Prior to rollback: log_append = 'True' (bool/Defaults)
2025-09-08T07:54:23.951662+00:00 DEBUG 'ansible_navigator.main' Prior to rollback: log_file = '/home/ansible/project/ansible-navigator.log' (str/Defaults)
2025-09-08T07:54:23.951671+00:00 DEBUG 'ansible_navigator.main' Prior to rollback: log_level = 'warning' (str/Defaults)
2025-09-08T07:54:23.951679+00:00 DEBUG 'ansible_navigator.main' Prior to rollback: mode = 'interactive' (str/Defaults)
2025-09-08T07:54:23.951687+00:00 DEBUG 'ansible_navigator.main' Prior to rollback: osc4 = 'True' (bool/Defaults)
2025-09-08T07:54:23.951695+00:00 DEBUG 'ansible_navigator.main' Prior to rollback: pass_environment_variable = 'Not set' (Constants/Not set)
2025-09-08T07:54:23.951703+00:00 DEBUG 'ansible_navigator.main' Prior to rollback: playbook = 'Not set' (Constants/Not set)
2025-09-08T07:54:23.951712+00:00 DEBUG 'ansible_navigator.main' Prior to rollback: playbook_artifact_enable = 'False' (bool/Settings file)
2025-09-08T07:54:23.951720+00:00 DEBUG 'ansible_navigator.main' Prior to rollback: playbook_artifact_replay = 'Not set' (Constants/Not set)
2025-09-08T07:54:23.951728+00:00 DEBUG 'ansible_navigator.main' Prior to rollback: playbook_artifact_save_as = '{playbook_dir}/{playbook_name}-artifact-{time_stamp}.json' (str/Defaults)
2025-09-08T07:54:23.951737+00:00 DEBUG 'ansible_navigator.main' Prior to rollback: plugin_name = 'Not set' (Constants/Not set)
2025-09-08T07:54:23.951745+00:00 DEBUG 'ansible_navigator.main' Prior to rollback: plugin_type = 'module' (str/Defaults)
2025-09-08T07:54:23.951753+00:00 DEBUG 'ansible_navigator.main' Prior to rollback: pull_arguments = 'Not set' (Constants/Not set)
2025-09-08T07:54:23.951761+00:00 DEBUG 'ansible_navigator.main' Prior to rollback: pull_policy = 'tag' (str/Defaults)
2025-09-08T07:54:23.951770+00:00 DEBUG 'ansible_navigator.main' Prior to rollback: set_environment_variable = 'Not set' (Constants/Not set)
2025-09-08T07:54:23.951778+00:00 DEBUG 'ansible_navigator.main' Prior to rollback: settings_effective = 'False' (bool/Defaults)
2025-09-08T07:54:23.951786+00:00 DEBUG 'ansible_navigator.main' Prior to rollback: settings_sample = 'False' (bool/Defaults)
2025-09-08T07:54:23.951794+00:00 DEBUG 'ansible_navigator.main' Prior to rollback: settings_schema = 'json' (str/Defaults)
2025-09-08T07:54:23.951803+00:00 DEBUG 'ansible_navigator.main' Prior to rollback: settings_sources = 'False' (bool/Defaults)
2025-09-08T07:54:23.951812+00:00 DEBUG 'ansible_navigator.main' Prior to rollback: time_zone = 'UTC' (str/Defaults)
2025-09-08T07:54:23.951821+00:00 DEBUG 'ansible_navigator.main' Prior to rollback: workdir = '/home/ansible/project' (str/Defaults)
2025-09-08T07:54:23.951829+00:00 DEBUG 'ansible_navigator.main' After rollback: ansible_runner_artifact_dir = 'Not set' (Constants/Not set)
2025-09-08T07:54:23.951837+00:00 DEBUG 'ansible_navigator.main' After rollback: ansible_runner_rotate_artifacts_count = 'Not set' (Constants/Not set)
2025-09-08T07:54:23.951845+00:00 DEBUG 'ansible_navigator.main' After rollback: ansible_runner_timeout = 'Not set' (Constants/Not set)
2025-09-08T07:54:23.951854+00:00 DEBUG 'ansible_navigator.main' After rollback: ansible_runner_write_job_events = 'Not set' (Constants/Not set)
2025-09-08T07:54:23.951862+00:00 DEBUG 'ansible_navigator.main' After rollback: app = 'Not set' (Constants/Not set)
2025-09-08T07:54:23.951870+00:00 DEBUG 'ansible_navigator.main' After rollback: cmdline = 'Not set' (Constants/Not set)
2025-09-08T07:54:23.951879+00:00 DEBUG 'ansible_navigator.main' After rollback: collection_doc_cache_path = 'Not set' (Constants/Not set)
2025-09-08T07:54:23.951888+00:00 DEBUG 'ansible_navigator.main' After rollback: config = 'Not set' (Constants/Not set)
2025-09-08T07:54:23.951896+00:00 DEBUG 'ansible_navigator.main' After rollback: container_engine = 'Not set' (Constants/Not set)
2025-09-08T07:54:23.951904+00:00 DEBUG 'ansible_navigator.main' After rollback: container_options = 'Not set' (Constants/Not set)
2025-09-08T07:54:23.951912+00:00 DEBUG 'ansible_navigator.main' After rollback: display_color = 'Not set' (Constants/Not set)
2025-09-08T07:54:23.951921+00:00 DEBUG 'ansible_navigator.main' After rollback: editor_command = 'Not set' (Constants/Not set)
2025-09-08T07:54:23.951929+00:00 DEBUG 'ansible_navigator.main' After rollback: editor_console = 'Not set' (Constants/Not set)
2025-09-08T07:54:23.951937+00:00 DEBUG 'ansible_navigator.main' After rollback: enable_prompts = 'Not set' (Constants/Not set)
2025-09-08T07:54:23.951945+00:00 DEBUG 'ansible_navigator.main' After rollback: exec_command = 'Not set' (Constants/Not set)
2025-09-08T07:54:23.951954+00:00 DEBUG 'ansible_navigator.main' After rollback: exec_shell = 'Not set' (Constants/Not set)
2025-09-08T07:54:23.951962+00:00 DEBUG 'ansible_navigator.main' After rollback: execution_environment = 'Not set' (Constants/Not set)
2025-09-08T07:54:23.951970+00:00 DEBUG 'ansible_navigator.main' After rollback: execution_environment_image = 'Not set' (Constants/Not set)
2025-09-08T07:54:23.951978+00:00 DEBUG 'ansible_navigator.main' After rollback: execution_environment_volume_mounts = 'Not set' (Constants/Not set)
2025-09-08T07:54:23.951987+00:00 DEBUG 'ansible_navigator.main' After rollback: format = 'Not set' (Constants/Not set)
2025-09-08T07:54:23.951995+00:00 DEBUG 'ansible_navigator.main' After rollback: help_builder = 'Not set' (Constants/Not set)
2025-09-08T07:54:23.952003+00:00 DEBUG 'ansible_navigator.main' After rollback: help_config = 'Not set' (Constants/Not set)
2025-09-08T07:54:23.952012+00:00 DEBUG 'ansible_navigator.main' After rollback: help_doc = 'Not set' (Constants/Not set)
2025-09-08T07:54:23.952020+00:00 DEBUG 'ansible_navigator.main' After rollback: help_inventory = 'Not set' (Constants/Not set)
2025-09-08T07:54:23.952029+00:00 DEBUG 'ansible_navigator.main' After rollback: help_playbook = 'Not set' (Constants/Not set)
2025-09-08T07:54:23.952037+00:00 DEBUG 'ansible_navigator.main' After rollback: images_details = 'Not set' (Constants/Not set)
2025-09-08T07:54:23.952045+00:00 DEBUG 'ansible_navigator.main' After rollback: inventory = 'Not set' (Constants/Not set)
2025-09-08T07:54:23.952053+00:00 DEBUG 'ansible_navigator.main' After rollback: inventory_column = 'Not set' (Constants/Not set)
2025-09-08T07:54:23.952062+00:00 DEBUG 'ansible_navigator.main' After rollback: lint_config = 'Not set' (Constants/Not set)
2025-09-08T07:54:23.952070+00:00 DEBUG 'ansible_navigator.main' After rollback: lintables = 'Not set' (Constants/Not set)
2025-09-08T07:54:23.952098+00:00 DEBUG 'ansible_navigator.main' After rollback: log_append = 'Not set' (Constants/Not set)
2025-09-08T07:54:23.952108+00:00 DEBUG 'ansible_navigator.main' After rollback: log_file = 'Not set' (Constants/Not set)
2025-09-08T07:54:23.952116+00:00 DEBUG 'ansible_navigator.main' After rollback: log_level = 'Not set' (Constants/Not set)
2025-09-08T07:54:23.952125+00:00 DEBUG 'ansible_navigator.main' After rollback: mode = 'Not set' (Constants/Not set)
2025-09-08T07:54:23.952133+00:00 DEBUG 'ansible_navigator.main' After rollback: osc4 = 'Not set' (Constants/Not set)
2025-09-08T07:54:23.952141+00:00 DEBUG 'ansible_navigator.main' After rollback: pass_environment_variable = 'Not set' (Constants/Not set)
2025-09-08T07:54:23.952149+00:00 DEBUG 'ansible_navigator.main' After rollback: playbook = 'Not set' (Constants/Not set)
2025-09-08T07:54:23.952158+00:00 DEBUG 'ansible_navigator.main' After rollback: playbook_artifact_enable = 'Not set' (Constants/Not set)
2025-09-08T07:54:23.952166+00:00 DEBUG 'ansible_navigator.main' After rollback: playbook_artifact_replay = 'Not set' (Constants/Not set)
2025-09-08T07:54:23.952174+00:00 DEBUG 'ansible_navigator.main' After rollback: playbook_artifact_save_as = 'Not set' (Constants/Not set)
2025-09-08T07:54:23.952182+00:00 DEBUG 'ansible_navigator.main' After rollback: plugin_name = 'Not set' (Constants/Not set)
2025-09-08T07:54:23.952191+00:00 DEBUG 'ansible_navigator.main' After rollback: plugin_type = 'Not set' (Constants/Not set)
2025-09-08T07:54:23.952199+00:00 DEBUG 'ansible_navigator.main' After rollback: pull_arguments = 'Not set' (Constants/Not set)
2025-09-08T07:54:23.952207+00:00 DEBUG 'ansible_navigator.main' After rollback: pull_policy = 'Not set' (Constants/Not set)
2025-09-08T07:54:23.952215+00:00 DEBUG 'ansible_navigator.main' After rollback: set_environment_variable = 'Not set' (Constants/Not set)
2025-09-08T07:54:23.952224+00:00 DEBUG 'ansible_navigator.main' After rollback: settings_effective = 'Not set' (Constants/Not set)
2025-09-08T07:54:23.952232+00:00 DEBUG 'ansible_navigator.main' After rollback: settings_sample = 'Not set' (Constants/Not set)
2025-09-08T07:54:23.952240+00:00 DEBUG 'ansible_navigator.main' After rollback: settings_schema = 'Not set' (Constants/Not set)
2025-09-08T07:54:23.952248+00:00 DEBUG 'ansible_navigator.main' After rollback: settings_sources = 'Not set' (Constants/Not set)
2025-09-08T07:54:23.952256+00:00 DEBUG 'ansible_navigator.main' After rollback: time_zone = 'Not set' (Constants/Not set)
2025-09-08T07:54:23.952265+00:00 DEBUG 'ansible_navigator.main' After rollback: workdir = 'Not set' (Constants/Not set)
2025-09-08T07:54:23.952273+00:00 DEBUG 'ansible_navigator.main' Configuration rollback complete.
2025-09-08T07:54:23.952282+00:00 DEBUG 'ansible_navigator.main' Collection doc cache not mounted
2025-09-08T07:54:23.952297+00:00 WARNING 'ansible_navigator.main' Issues were found while applying the settings.
2025-09-08T07:54:23.952307+00:00 INFO 'ansible_navigator.main' Command provided: 'all'
2025-09-08T07:54:23.952318+00:00 ERROR 'ansible_navigator.main' argument {subcommand} --help: invalid choice: 'all' (choose from 'builder', 'collections', 'config', 'doc', 'exec', 'images', 'inventory', 'lint', 'replay', 'run', 'settings', 'welcome')
2025-09-08T07:54:23.952329+00:00 INFO 'ansible_navigator.main' Configuration failed, using default log file location. (/home/ansible/project/ansible-navigator.log) Log level set to debug
2025-09-08T07:54:23.952339+00:00 INFO 'ansible_navigator.main' Review the hints and log file to see what went wrong.
2025-09-08T07:57:29.412315+00:00 ERROR 'ansible_navigator.actions.config._run_runner' Error occurred while fetching ansible config (list): '[DEPRECATION WARNING]: [defaults]collections_paths option, does not fit var 
naming standard, use the singular form collections_path instead. This feature 
will be removed from ansible-core in version 2.19. Deprecation warnings can be 
disabled by setting deprecation_warnings=False in ansible.cfg.
'
2025-09-08T07:57:29.412632+00:00 ERROR 'ansible_navigator.actions.config._run_runner' Error occurred while fetching ansible config (dump): '[DEPRECATION WARNING]: [defaults]collections_paths option, does not fit var 
naming standard, use the singular form collections_path instead. This feature 
will be removed from ansible-core in version 2.19. Deprecation warnings can be 
disabled by setting deprecation_warnings=False in ansible.cfg.
'
2025-09-08T08:00:41.774390+00:00 ERROR 'ansible_navigator.actions.config._run_runner' Error occurred while fetching ansible config (list): '[DEPRECATION WARNING]: [defaults]collections_paths option, does not fit var 
naming standard, use the singular form collections_path instead. This feature 
will be removed from ansible-core in version 2.19. Deprecation warnings can be 
disabled by setting deprecation_warnings=False in ansible.cfg.
'
2025-09-08T08:00:41.774671+00:00 ERROR 'ansible_navigator.actions.config._run_runner' Error occurred while fetching ansible config (dump): '[DEPRECATION WARNING]: [defaults]collections_paths option, does not fit var 
naming standard, use the singular form collections_path instead. This feature 
will be removed from ansible-core in version 2.19. Deprecation warnings can be 
disabled by setting deprecation_warnings=False in ansible.cfg.
'
2025-09-08T08:02:17.474277+00:00 ERROR 'ansible_navigator.actions.config._run_runner' Error occurred while fetching ansible config (list): '[DEPRECATION WARNING]: [defaults]collections_paths option, does not fit var 
naming standard, use the singular form collections_path instead. This feature 
will be removed from ansible-core in version 2.19. Deprecation warnings can be 
disabled by setting deprecation_warnings=False in ansible.cfg.
'
2025-09-08T08:02:17.474554+00:00 ERROR 'ansible_navigator.actions.config._run_runner' Error occurred while fetching ansible config (dump): '[DEPRECATION WARNING]: [defaults]collections_paths option, does not fit var 
naming standard, use the singular form collections_path instead. This feature 
will be removed from ansible-core in version 2.19. Deprecation warnings can be 
disabled by setting deprecation_warnings=False in ansible.cfg.
'
